2025-09-25 21:38:00,470 INFO: 密码管家后端启动 [in D:\Code_Decom\Password-plugin\backend\app.py:62]
2025-09-25 21:38:00,613 INFO: 数据库初始化完成 [in D:\Code_Decom\Password-plugin\backend\utils\db.py:121]
2025-09-25 21:38:03,155 INFO: 响应状态: 200 [in D:\Code_Decom\Password-plugin\backend\app.py:42]
2025-09-25 21:38:03,156 INFO: 响应头部: {'Content-Type': 'text/html; charset=utf-8', 'Allow': 'OPTIONS, HEAD, GET'} [in D:\Code_Decom\Password-plugin\backend\app.py:43]
2025-09-25 21:38:03,519 INFO: 响应状态: 200 [in D:\Code_Decom\Password-plugin\backend\app.py:42]
2025-09-25 21:38:03,519 INFO: 响应头部: {'Content-Type': 'application/json', 'Content-Length': '109'} [in D:\Code_Decom\Password-plugin\backend\app.py:43]
2025-09-25 21:38:11,964 INFO: 响应状态: 200 [in D:\Code_Decom\Password-plugin\backend\app.py:42]
2025-09-25 21:38:11,964 INFO: 响应头部: {'Content-Type': 'text/html; charset=utf-8', 'Allow': 'OPTIONS, POST'} [in D:\Code_Decom\Password-plugin\backend\app.py:43]
2025-09-25 21:38:12,371 INFO: 响应状态: 200 [in D:\Code_Decom\Password-plugin\backend\app.py:42]
2025-09-25 21:38:12,372 INFO: 响应头部: {'Content-Type': 'application/json', 'Content-Length': '317'} [in D:\Code_Decom\Password-plugin\backend\app.py:43]
2025-09-25 21:38:13,090 INFO: 响应状态: 204 [in D:\Code_Decom\Password-plugin\backend\app.py:42]
2025-09-25 21:38:13,116 INFO: 响应头部: {'Content-Type': 'text/html; charset=utf-8', 'Content-Length': '0'} [in D:\Code_Decom\Password-plugin\backend\app.py:43]
2025-09-25 21:38:13,514 INFO: 响应状态: 200 [in D:\Code_Decom\Password-plugin\backend\app.py:42]
2025-09-25 21:38:13,514 INFO: 响应头部: {'Content-Type': 'application/json', 'Content-Length': '7585'} [in D:\Code_Decom\Password-plugin\backend\app.py:43]
2025-09-25 21:38:13,591 INFO: 响应状态: 204 [in D:\Code_Decom\Password-plugin\backend\app.py:42]
2025-09-25 21:38:13,591 INFO: 响应头部: {'Content-Type': 'text/html; charset=utf-8', 'Content-Length': '0'} [in D:\Code_Decom\Password-plugin\backend\app.py:43]
2025-09-25 21:38:13,772 INFO: 响应状态: 200 [in D:\Code_Decom\Password-plugin\backend\app.py:42]
2025-09-25 21:38:13,773 INFO: 响应头部: {'Content-Type': 'application/json', 'Content-Length': '3017'} [in D:\Code_Decom\Password-plugin\backend\app.py:43]
2025-09-25 21:38:26,648 INFO: 响应状态: 204 [in D:\Code_Decom\Password-plugin\backend\app.py:42]
2025-09-25 21:38:26,648 INFO: 响应头部: {'Content-Type': 'text/html; charset=utf-8', 'Content-Length': '0'} [in D:\Code_Decom\Password-plugin\backend\app.py:43]
2025-09-25 21:38:26,751 INFO: 响应状态: 201 [in D:\Code_Decom\Password-plugin\backend\app.py:42]
2025-09-25 21:38:26,751 INFO: 响应头部: {'Content-Type': 'application/json', 'Content-Length': '348'} [in D:\Code_Decom\Password-plugin\backend\app.py:43]
2025-09-25 21:38:29,545 INFO: 响应状态: 204 [in D:\Code_Decom\Password-plugin\backend\app.py:42]
2025-09-25 21:38:29,546 INFO: 响应头部: {'Content-Type': 'text/html; charset=utf-8', 'Content-Length': '0'} [in D:\Code_Decom\Password-plugin\backend\app.py:43]
2025-09-25 21:38:29,938 INFO: 响应状态: 200 [in D:\Code_Decom\Password-plugin\backend\app.py:42]
2025-09-25 21:38:29,938 INFO: 响应头部: {'Content-Type': 'application/json', 'Content-Length': '7952'} [in D:\Code_Decom\Password-plugin\backend\app.py:43]
2025-09-25 21:38:33,067 INFO: 响应状态: 204 [in D:\Code_Decom\Password-plugin\backend\app.py:42]
2025-09-25 21:38:33,067 INFO: 响应头部: {'Content-Type': 'text/html; charset=utf-8', 'Content-Length': '0'} [in D:\Code_Decom\Password-plugin\backend\app.py:43]
2025-09-25 21:38:33,147 INFO: 响应状态: 200 [in D:\Code_Decom\Password-plugin\backend\app.py:42]
2025-09-25 21:38:33,148 INFO: 响应头部: {'Content-Type': 'application/json', 'Content-Length': '7871'} [in D:\Code_Decom\Password-plugin\backend\app.py:43]
2025-09-25 21:38:33,329 INFO: 响应状态: 204 [in D:\Code_Decom\Password-plugin\backend\app.py:42]
2025-09-25 21:38:33,329 INFO: 响应头部: {'Content-Type': 'text/html; charset=utf-8', 'Content-Length': '0'} [in D:\Code_Decom\Password-plugin\backend\app.py:43]
2025-09-25 21:38:33,714 INFO: 响应状态: 200 [in D:\Code_Decom\Password-plugin\backend\app.py:42]
2025-09-25 21:38:33,715 INFO: 响应头部: {'Content-Type': 'application/json', 'Content-Length': '3017'} [in D:\Code_Decom\Password-plugin\backend\app.py:43]
2025-09-25 21:38:33,720 INFO: 响应状态: 204 [in D:\Code_Decom\Password-plugin\backend\app.py:42]
2025-09-25 21:38:33,721 INFO: 响应头部: {'Content-Type': 'text/html; charset=utf-8', 'Content-Length': '0'} [in D:\Code_Decom\Password-plugin\backend\app.py:43]
2025-09-25 21:38:33,983 INFO: 响应状态: 200 [in D:\Code_Decom\Password-plugin\backend\app.py:42]
2025-09-25 21:38:33,984 INFO: 响应头部: {'Content-Type': 'application/json', 'Content-Length': '349'} [in D:\Code_Decom\Password-plugin\backend\app.py:43]
2025-09-25 21:38:36,893 INFO: 响应状态: 200 [in D:\Code_Decom\Password-plugin\backend\app.py:42]
2025-09-25 21:38:36,894 INFO: 响应头部: {'Content-Type': 'application/json', 'Content-Length': '349'} [in D:\Code_Decom\Password-plugin\backend\app.py:43]
2025-09-25 21:38:38,420 INFO: 响应状态: 204 [in D:\Code_Decom\Password-plugin\backend\app.py:42]
2025-09-25 21:38:38,421 INFO: 响应头部: {'Content-Type': 'text/html; charset=utf-8', 'Content-Length': '0'} [in D:\Code_Decom\Password-plugin\backend\app.py:43]
2025-09-25 21:38:38,810 INFO: 响应状态: 200 [in D:\Code_Decom\Password-plugin\backend\app.py:42]
2025-09-25 21:38:38,810 INFO: 响应头部: {'Content-Type': 'application/json', 'Content-Length': '7871'} [in D:\Code_Decom\Password-plugin\backend\app.py:43]
2025-09-25 21:38:38,832 INFO: 响应状态: 204 [in D:\Code_Decom\Password-plugin\backend\app.py:42]
2025-09-25 21:38:38,833 INFO: 响应头部: {'Content-Type': 'text/html; charset=utf-8', 'Content-Length': '0'} [in D:\Code_Decom\Password-plugin\backend\app.py:43]
2025-09-25 21:38:39,078 INFO: 响应状态: 200 [in D:\Code_Decom\Password-plugin\backend\app.py:42]
2025-09-25 21:38:39,078 INFO: 响应头部: {'Content-Type': 'application/json', 'Content-Length': '3017'} [in D:\Code_Decom\Password-plugin\backend\app.py:43]
2025-09-25 21:38:51,016 INFO: 响应状态: 204 [in D:\Code_Decom\Password-plugin\backend\app.py:42]
2025-09-25 21:38:51,016 INFO: 响应头部: {'Content-Type': 'text/html; charset=utf-8', 'Content-Length': '0'} [in D:\Code_Decom\Password-plugin\backend\app.py:43]
2025-09-25 21:38:51,093 INFO: 响应状态: 400 [in D:\Code_Decom\Password-plugin\backend\app.py:42]
2025-09-25 21:38:51,093 INFO: 响应头部: {'Content-Type': 'application/json', 'Content-Length': '45'} [in D:\Code_Decom\Password-plugin\backend\app.py:43]
