2025-09-25 21:34:48,886 INFO: 密码管家后端启动 [in D:\Code_Decom\Password-plugin\backend\app.py:62]
2025-09-25 21:34:48,999 INFO: 数据库初始化完成 [in D:\Code_Decom\Password-plugin\backend\utils\db.py:121]
2025-09-25 21:34:53,088 INFO: 响应状态: 200 [in D:\Code_Decom\Password-plugin\backend\app.py:42]
2025-09-25 21:34:53,088 INFO: 响应头部: {'Content-Type': 'text/html; charset=utf-8', 'Allow': 'OPTIONS, HEAD, GET'} [in D:\Code_Decom\Password-plugin\backend\app.py:43]
2025-09-25 21:34:53,467 INFO: 响应状态: 200 [in D:\Code_Decom\Password-plugin\backend\app.py:42]
2025-09-25 21:34:53,468 INFO: 响应头部: {'Content-Type': 'application/json', 'Content-Length': '109'} [in D:\Code_Decom\Password-plugin\backend\app.py:43]
2025-09-25 21:34:58,035 INFO: 响应状态: 200 [in D:\Code_Decom\Password-plugin\backend\app.py:42]
2025-09-25 21:34:58,035 INFO: 响应头部: {'Content-Type': 'text/html; charset=utf-8', 'Allow': 'POST, OPTIONS'} [in D:\Code_Decom\Password-plugin\backend\app.py:43]
2025-09-25 21:34:58,448 INFO: 响应状态: 200 [in D:\Code_Decom\Password-plugin\backend\app.py:42]
2025-09-25 21:34:58,448 INFO: 响应头部: {'Content-Type': 'application/json', 'Content-Length': '317'} [in D:\Code_Decom\Password-plugin\backend\app.py:43]
2025-09-25 21:34:59,178 INFO: 响应状态: 204 [in D:\Code_Decom\Password-plugin\backend\app.py:42]
2025-09-25 21:34:59,179 INFO: 响应头部: {'Content-Type': 'text/html; charset=utf-8', 'Content-Length': '0'} [in D:\Code_Decom\Password-plugin\backend\app.py:43]
2025-09-25 21:34:59,574 INFO: 响应状态: 200 [in D:\Code_Decom\Password-plugin\backend\app.py:42]
2025-09-25 21:34:59,574 INFO: 响应头部: {'Content-Type': 'application/json', 'Content-Length': '7298'} [in D:\Code_Decom\Password-plugin\backend\app.py:43]
2025-09-25 21:34:59,648 INFO: 响应状态: 204 [in D:\Code_Decom\Password-plugin\backend\app.py:42]
2025-09-25 21:34:59,648 INFO: 响应头部: {'Content-Type': 'text/html; charset=utf-8', 'Content-Length': '0'} [in D:\Code_Decom\Password-plugin\backend\app.py:43]
2025-09-25 21:34:59,818 INFO: 响应状态: 200 [in D:\Code_Decom\Password-plugin\backend\app.py:42]
2025-09-25 21:34:59,818 INFO: 响应头部: {'Content-Type': 'application/json', 'Content-Length': '3017'} [in D:\Code_Decom\Password-plugin\backend\app.py:43]
2025-09-25 21:35:13,732 INFO: 响应状态: 204 [in D:\Code_Decom\Password-plugin\backend\app.py:42]
2025-09-25 21:35:13,732 INFO: 响应头部: {'Content-Type': 'text/html; charset=utf-8', 'Content-Length': '0'} [in D:\Code_Decom\Password-plugin\backend\app.py:43]
2025-09-25 21:35:13,820 INFO: 响应状态: 201 [in D:\Code_Decom\Password-plugin\backend\app.py:42]
2025-09-25 21:35:13,821 INFO: 响应头部: {'Content-Type': 'application/json', 'Content-Length': '349'} [in D:\Code_Decom\Password-plugin\backend\app.py:43]
2025-09-25 21:35:19,640 INFO: 响应状态: 404 [in D:\Code_Decom\Password-plugin\backend\app.py:42]
2025-09-25 21:35:19,640 INFO: 响应头部: {'Content-Type': 'text/html; charset=utf-8', 'Content-Length': '207', 'Access-Control-Allow-Origin': 'http://localhost:3002', 'Access-Control-Expose-Headers': 'Authorization, Content-Type', 'Access-Control-Allow-Credentials': 'true', 'Access-Control-Allow-Headers': 'authorization, content-type', 'Access-Control-Allow-Methods': 'DELETE, GET, OPTIONS, POST, PUT', 'Vary': 'Origin'} [in D:\Code_Decom\Password-plugin\backend\app.py:43]
2025-09-25 21:36:56,619 INFO: 响应状态: 404 [in D:\Code_Decom\Password-plugin\backend\app.py:42]
2025-09-25 21:36:56,619 INFO: 响应头部: {'Content-Type': 'text/html; charset=utf-8', 'Content-Length': '207', 'Access-Control-Allow-Origin': 'http://localhost:3002', 'Access-Control-Expose-Headers': 'Authorization, Content-Type', 'Access-Control-Allow-Credentials': 'true', 'Access-Control-Allow-Headers': 'authorization, content-type', 'Access-Control-Allow-Methods': 'DELETE, GET, OPTIONS, POST, PUT', 'Vary': 'Origin'} [in D:\Code_Decom\Password-plugin\backend\app.py:43]
2025-09-25 21:37:26,973 INFO: 响应状态: 404 [in D:\Code_Decom\Password-plugin\backend\app.py:42]
2025-09-25 21:37:26,974 INFO: 响应头部: {'Content-Type': 'text/html; charset=utf-8', 'Content-Length': '207', 'Access-Control-Allow-Origin': 'http://localhost:3002', 'Access-Control-Expose-Headers': 'Authorization, Content-Type', 'Access-Control-Allow-Credentials': 'true', 'Access-Control-Allow-Headers': 'authorization, content-type', 'Access-Control-Allow-Methods': 'DELETE, GET, OPTIONS, POST, PUT', 'Vary': 'Origin'} [in D:\Code_Decom\Password-plugin\backend\app.py:43]
