2025-09-25 21:32:10,549 INFO: 密码管家后端启动 [in D:\Code_Decom\Password-plugin\backend\app.py:62]
2025-09-25 21:32:10,707 INFO: 数据库初始化完成 [in D:\Code_Decom\Password-plugin\backend\utils\db.py:121]
2025-09-25 21:32:16,102 INFO: 响应状态: 200 [in D:\Code_Decom\Password-plugin\backend\app.py:42]
2025-09-25 21:32:16,104 INFO: 响应头部: {'Content-Type': 'text/html; charset=utf-8', 'Allow': 'GET, OPTIONS, HEAD'} [in D:\Code_Decom\Password-plugin\backend\app.py:43]
2025-09-25 21:32:16,518 INFO: 响应状态: 200 [in D:\Code_Decom\Password-plugin\backend\app.py:42]
2025-09-25 21:32:16,519 INFO: 响应头部: {'Content-Type': 'application/json', 'Content-Length': '109'} [in D:\Code_Decom\Password-plugin\backend\app.py:43]
2025-09-25 21:32:23,533 INFO: 响应状态: 200 [in D:\Code_Decom\Password-plugin\backend\app.py:42]
2025-09-25 21:32:23,533 INFO: 响应头部: {'Content-Type': 'text/html; charset=utf-8', 'Allow': 'POST, OPTIONS'} [in D:\Code_Decom\Password-plugin\backend\app.py:43]
2025-09-25 21:32:23,944 INFO: 响应状态: 200 [in D:\Code_Decom\Password-plugin\backend\app.py:42]
2025-09-25 21:32:23,944 INFO: 响应头部: {'Content-Type': 'application/json', 'Content-Length': '317'} [in D:\Code_Decom\Password-plugin\backend\app.py:43]
2025-09-25 21:32:24,678 INFO: 响应状态: 204 [in D:\Code_Decom\Password-plugin\backend\app.py:42]
2025-09-25 21:32:24,678 INFO: 响应头部: {'Content-Type': 'text/html; charset=utf-8', 'Content-Length': '0'} [in D:\Code_Decom\Password-plugin\backend\app.py:43]
2025-09-25 21:32:25,073 INFO: 响应状态: 200 [in D:\Code_Decom\Password-plugin\backend\app.py:42]
2025-09-25 21:32:25,073 INFO: 响应头部: {'Content-Type': 'application/json', 'Content-Length': '7007'} [in D:\Code_Decom\Password-plugin\backend\app.py:43]
2025-09-25 21:32:25,151 INFO: 响应状态: 204 [in D:\Code_Decom\Password-plugin\backend\app.py:42]
2025-09-25 21:32:25,152 INFO: 响应头部: {'Content-Type': 'text/html; charset=utf-8', 'Content-Length': '0'} [in D:\Code_Decom\Password-plugin\backend\app.py:43]
2025-09-25 21:32:25,337 INFO: 响应状态: 200 [in D:\Code_Decom\Password-plugin\backend\app.py:42]
2025-09-25 21:32:25,337 INFO: 响应头部: {'Content-Type': 'application/json', 'Content-Length': '3017'} [in D:\Code_Decom\Password-plugin\backend\app.py:43]
2025-09-25 21:32:40,643 INFO: 响应状态: 204 [in D:\Code_Decom\Password-plugin\backend\app.py:42]
2025-09-25 21:32:40,644 INFO: 响应头部: {'Content-Type': 'text/html; charset=utf-8', 'Content-Length': '0'} [in D:\Code_Decom\Password-plugin\backend\app.py:43]
2025-09-25 21:32:40,756 INFO: 响应状态: 201 [in D:\Code_Decom\Password-plugin\backend\app.py:42]
2025-09-25 21:32:40,756 INFO: 响应头部: {'Content-Type': 'application/json', 'Content-Length': '353'} [in D:\Code_Decom\Password-plugin\backend\app.py:43]
2025-09-25 21:32:49,873 INFO: 响应状态: 204 [in D:\Code_Decom\Password-plugin\backend\app.py:42]
2025-09-25 21:32:49,874 INFO: 响应头部: {'Content-Type': 'text/html; charset=utf-8', 'Content-Length': '0'} [in D:\Code_Decom\Password-plugin\backend\app.py:43]
2025-09-25 21:32:50,277 INFO: 响应状态: 200 [in D:\Code_Decom\Password-plugin\backend\app.py:42]
2025-09-25 21:32:50,278 INFO: 响应头部: {'Content-Type': 'application/json', 'Content-Length': '7379'} [in D:\Code_Decom\Password-plugin\backend\app.py:43]
2025-09-25 21:34:02,795 INFO: 响应状态: 404 [in D:\Code_Decom\Password-plugin\backend\app.py:42]
2025-09-25 21:34:02,795 INFO: 响应头部: {'Content-Type': 'text/html; charset=utf-8', 'Content-Length': '207', 'Access-Control-Allow-Origin': 'http://localhost:3002', 'Access-Control-Expose-Headers': 'Authorization, Content-Type', 'Access-Control-Allow-Credentials': 'true', 'Access-Control-Allow-Headers': 'authorization, content-type', 'Access-Control-Allow-Methods': 'DELETE, GET, OPTIONS, POST, PUT', 'Vary': 'Origin'} [in D:\Code_Decom\Password-plugin\backend\app.py:43]
2025-09-25 21:34:29,062 INFO: 响应状态: 404 [in D:\Code_Decom\Password-plugin\backend\app.py:42]
2025-09-25 21:34:29,063 INFO: 响应头部: {'Content-Type': 'text/html; charset=utf-8', 'Content-Length': '207', 'Access-Control-Allow-Origin': 'http://localhost:3002', 'Access-Control-Expose-Headers': 'Authorization, Content-Type', 'Access-Control-Allow-Credentials': 'true', 'Access-Control-Allow-Headers': 'authorization, content-type', 'Access-Control-Allow-Methods': 'DELETE, GET, OPTIONS, POST, PUT', 'Vary': 'Origin'} [in D:\Code_Decom\Password-plugin\backend\app.py:43]
