2025-09-26 08:19:03,758 INFO: 密码管家后端启动 [in D:\Code_Decom\Password-plugin\backend\app.py:62]
2025-09-26 08:19:03,872 INFO: 数据库初始化完成 [in D:\Code_Decom\Password-plugin\backend\utils\db.py:121]
2025-09-26 08:19:46,463 INFO: 响应状态: 204 [in D:\Code_Decom\Password-plugin\backend\app.py:42]
2025-09-26 08:19:46,464 INFO: 响应头部: {'Content-Type': 'text/html; charset=utf-8', 'Content-Length': '0'} [in D:\Code_Decom\Password-plugin\backend\app.py:43]
2025-09-26 08:19:46,842 INFO: 响应状态: 200 [in D:\Code_Decom\Password-plugin\backend\app.py:42]
2025-09-26 08:19:46,842 INFO: 响应头部: {'Content-Type': 'application/json', 'Content-Length': '2861'} [in D:\Code_Decom\Password-plugin\backend\app.py:43]
2025-09-26 08:19:46,885 INFO: 响应状态: 204 [in D:\Code_Decom\Password-plugin\backend\app.py:42]
2025-09-26 08:19:46,885 INFO: 响应头部: {'Content-Type': 'text/html; charset=utf-8', 'Content-Length': '0'} [in D:\Code_Decom\Password-plugin\backend\app.py:43]
2025-09-26 08:19:47,103 INFO: 响应状态: 200 [in D:\Code_Decom\Password-plugin\backend\app.py:42]
2025-09-26 08:19:47,103 INFO: 响应头部: {'Content-Type': 'application/json', 'Content-Length': '9362'} [in D:\Code_Decom\Password-plugin\backend\app.py:43]
2025-09-26 08:19:47,421 INFO: 响应状态: 204 [in D:\Code_Decom\Password-plugin\backend\app.py:42]
2025-09-26 08:19:47,421 INFO: 响应头部: {'Content-Type': 'text/html; charset=utf-8', 'Content-Length': '0'} [in D:\Code_Decom\Password-plugin\backend\app.py:43]
2025-09-26 08:19:47,483 INFO: 响应状态: 200 [in D:\Code_Decom\Password-plugin\backend\app.py:42]
2025-09-26 08:19:47,484 INFO: 响应头部: {'Content-Type': 'application/json', 'Content-Length': '350'} [in D:\Code_Decom\Password-plugin\backend\app.py:43]
2025-09-26 08:19:49,177 INFO: 响应状态: 204 [in D:\Code_Decom\Password-plugin\backend\app.py:42]
2025-09-26 08:19:49,178 INFO: 响应头部: {'Content-Type': 'text/html; charset=utf-8', 'Content-Length': '0'} [in D:\Code_Decom\Password-plugin\backend\app.py:43]
2025-09-26 08:19:49,545 INFO: 响应状态: 200 [in D:\Code_Decom\Password-plugin\backend\app.py:42]
2025-09-26 08:19:49,548 INFO: 响应头部: {'Content-Type': 'application/json', 'Content-Length': '2942'} [in D:\Code_Decom\Password-plugin\backend\app.py:43]
2025-09-26 08:20:10,561 INFO: 响应状态: 200 [in D:\Code_Decom\Password-plugin\backend\app.py:42]
2025-09-26 08:20:10,561 INFO: 响应头部: {'Content-Type': 'text/html; charset=utf-8', 'Allow': 'GET, HEAD, OPTIONS'} [in D:\Code_Decom\Password-plugin\backend\app.py:43]
2025-09-26 08:20:10,628 INFO: 响应状态: 200 [in D:\Code_Decom\Password-plugin\backend\app.py:42]
2025-09-26 08:20:10,628 INFO: 响应头部: {'Content-Type': 'application/json', 'Content-Length': '109'} [in D:\Code_Decom\Password-plugin\backend\app.py:43]
