2025-09-26 08:24:16,380 INFO: 响应头部: {'Content-Type': 'text/html; charset=utf-8', 'Allow': 'HEAD, OPTIONS, GET'} [in D:\Code_Decom\Password-plugin\backend\app.py:43]
2025-09-26 08:24:16,752 INFO: 响应状态: 200 [in D:\Code_Decom\Password-plugin\backend\app.py:42]
2025-09-26 08:24:16,753 INFO: 响应头部: {'Content-Type': 'application/json', 'Content-Length': '109'} [in D:\Code_Decom\Password-plugin\backend\app.py:43]
2025-09-26 08:24:28,955 INFO: 响应状态: 200 [in D:\Code_Decom\Password-plugin\backend\app.py:42]
2025-09-26 08:24:28,956 INFO: 响应头部: {'Content-Type': 'text/html; charset=utf-8', 'Allow': 'HEAD, OPTIONS, GET'} [in D:\Code_Decom\Password-plugin\backend\app.py:43]
2025-09-26 08:24:29,327 INFO: 响应状态: 200 [in D:\Code_Decom\Password-plugin\backend\app.py:42]
2025-09-26 08:24:29,362 INFO: 响应头部: {'Content-Type': 'application/json', 'Content-Length': '109'} [in D:\Code_Decom\Password-plugin\backend\app.py:43]
2025-09-26 08:25:48,547 INFO: 响应状态: 200 [in D:\Code_Decom\Password-plugin\backend\app.py:42]
2025-09-26 08:25:48,547 INFO: 响应头部: {'Content-Type': 'text/html; charset=utf-8', 'Allow': 'HEAD, OPTIONS, GET'} [in D:\Code_Decom\Password-plugin\backend\app.py:43]
2025-09-26 08:25:48,922 INFO: 响应状态: 200 [in D:\Code_Decom\Password-plugin\backend\app.py:42]
2025-09-26 08:25:48,922 INFO: 响应头部: {'Content-Type': 'application/json', 'Content-Length': '109'} [in D:\Code_Decom\Password-plugin\backend\app.py:43]
2025-09-26 08:26:00,718 INFO: 响应状态: 200 [in D:\Code_Decom\Password-plugin\backend\app.py:42]
2025-09-26 08:26:00,718 INFO: 响应头部: {'Content-Type': 'text/html; charset=utf-8', 'Allow': 'POST, OPTIONS'} [in D:\Code_Decom\Password-plugin\backend\app.py:43]
2025-09-26 08:26:01,042 INFO: 响应状态: 200 [in D:\Code_Decom\Password-plugin\backend\app.py:42]
2025-09-26 08:26:01,042 INFO: 响应头部: {'Content-Type': 'application/json', 'Content-Length': '317'} [in D:\Code_Decom\Password-plugin\backend\app.py:43]
2025-09-26 08:26:01,823 INFO: 响应状态: 204 [in D:\Code_Decom\Password-plugin\backend\app.py:42]
2025-09-26 08:26:01,824 INFO: 响应头部: {'Content-Type': 'text/html; charset=utf-8', 'Content-Length': '0'} [in D:\Code_Decom\Password-plugin\backend\app.py:43]
2025-09-26 08:26:02,223 INFO: 响应状态: 200 [in D:\Code_Decom\Password-plugin\backend\app.py:42]
2025-09-26 08:26:02,224 INFO: 响应头部: {'Content-Type': 'application/json', 'Content-Length': '9512'} [in D:\Code_Decom\Password-plugin\backend\app.py:43]
2025-09-26 08:26:02,376 INFO: 响应状态: 204 [in D:\Code_Decom\Password-plugin\backend\app.py:42]
2025-09-26 08:26:02,377 INFO: 响应头部: {'Content-Type': 'text/html; charset=utf-8', 'Content-Length': '0'} [in D:\Code_Decom\Password-plugin\backend\app.py:43]
2025-09-26 08:26:02,454 INFO: 响应状态: 200 [in D:\Code_Decom\Password-plugin\backend\app.py:42]
2025-09-26 08:26:02,454 INFO: 响应头部: {'Content-Type': 'application/json', 'Content-Length': '9362'} [in D:\Code_Decom\Password-plugin\backend\app.py:43]
