2025-09-25 21:12:16,412 INFO: 密码管家后端启动 [in D:\Code_Decom\Password-plugin\backend\app.py:62]
2025-09-25 21:12:16,628 INFO: 数据库初始化完成 [in D:\Code_Decom\Password-plugin\backend\utils\db.py:121]
2025-09-25 21:12:24,589 INFO: 响应状态: 200 [in D:\Code_Decom\Password-plugin\backend\app.py:42]
2025-09-25 21:12:24,589 INFO: 响应头部: {'Content-Type': 'text/html; charset=utf-8', 'Allow': 'OPTIONS, POST'} [in D:\Code_Decom\Password-plugin\backend\app.py:43]
2025-09-25 21:12:25,320 INFO: 响应状态: 200 [in D:\Code_Decom\Password-plugin\backend\app.py:42]
2025-09-25 21:12:25,320 INFO: 响应头部: {'Content-Type': 'application/json', 'Content-Length': '317'} [in D:\Code_Decom\Password-plugin\backend\app.py:43]
2025-09-25 21:12:25,716 INFO: 响应状态: 204 [in D:\Code_Decom\Password-plugin\backend\app.py:42]
2025-09-25 21:12:25,717 INFO: 响应头部: {'Content-Type': 'text/html; charset=utf-8', 'Content-Length': '0'} [in D:\Code_Decom\Password-plugin\backend\app.py:43]
2025-09-25 21:12:25,795 INFO: 响应状态: 200 [in D:\Code_Decom\Password-plugin\backend\app.py:42]
2025-09-25 21:12:25,795 INFO: 响应头部: {'Content-Type': 'application/json', 'Content-Length': '7007'} [in D:\Code_Decom\Password-plugin\backend\app.py:43]
2025-09-25 21:12:26,117 INFO: 响应状态: 204 [in D:\Code_Decom\Password-plugin\backend\app.py:42]
2025-09-25 21:12:26,117 INFO: 响应头部: {'Content-Type': 'text/html; charset=utf-8', 'Content-Length': '0'} [in D:\Code_Decom\Password-plugin\backend\app.py:43]
2025-09-25 21:12:26,514 INFO: 响应状态: 200 [in D:\Code_Decom\Password-plugin\backend\app.py:42]
2025-09-25 21:12:26,514 INFO: 响应头部: {'Content-Type': 'application/json', 'Content-Length': '3017'} [in D:\Code_Decom\Password-plugin\backend\app.py:43]
2025-09-25 21:12:26,520 INFO: 响应状态: 204 [in D:\Code_Decom\Password-plugin\backend\app.py:42]
2025-09-25 21:12:26,520 INFO: 响应头部: {'Content-Type': 'text/html; charset=utf-8', 'Content-Length': '0'} [in D:\Code_Decom\Password-plugin\backend\app.py:43]
2025-09-25 21:12:26,775 INFO: 响应状态: 200 [in D:\Code_Decom\Password-plugin\backend\app.py:42]
2025-09-25 21:12:26,776 INFO: 响应头部: {'Content-Type': 'application/json', 'Content-Length': '349'} [in D:\Code_Decom\Password-plugin\backend\app.py:43]
2025-09-25 21:12:28,229 INFO: 响应状态: 204 [in D:\Code_Decom\Password-plugin\backend\app.py:42]
2025-09-25 21:12:28,229 INFO: 响应头部: {'Content-Type': 'text/html; charset=utf-8', 'Content-Length': '0'} [in D:\Code_Decom\Password-plugin\backend\app.py:43]
2025-09-25 21:12:28,318 INFO: 响应状态: 200 [in D:\Code_Decom\Password-plugin\backend\app.py:42]
2025-09-25 21:12:28,319 INFO: 响应头部: {'Content-Type': 'application/json', 'Content-Length': '7088'} [in D:\Code_Decom\Password-plugin\backend\app.py:43]
2025-09-25 21:12:30,370 INFO: 响应状态: 200 [in D:\Code_Decom\Password-plugin\backend\app.py:42]
2025-09-25 21:12:30,370 INFO: 响应头部: {'Content-Type': 'application/json', 'Content-Length': '7007'} [in D:\Code_Decom\Password-plugin\backend\app.py:43]
2025-09-25 21:12:30,631 INFO: 响应状态: 200 [in D:\Code_Decom\Password-plugin\backend\app.py:42]
2025-09-25 21:12:30,632 INFO: 响应头部: {'Content-Type': 'application/json', 'Content-Length': '3017'} [in D:\Code_Decom\Password-plugin\backend\app.py:43]
2025-09-25 21:12:52,242 INFO: 响应状态: 204 [in D:\Code_Decom\Password-plugin\backend\app.py:42]
2025-09-25 21:12:52,242 INFO: 响应头部: {'Content-Type': 'text/html; charset=utf-8', 'Content-Length': '0'} [in D:\Code_Decom\Password-plugin\backend\app.py:43]
2025-09-25 21:12:52,327 ERROR: 添加密码失败: type object 'Password' has no attribute 'find_by_domain_and_username' [in D:\Code_Decom\Password-plugin\backend\api\password_routes.py:109]
2025-09-25 21:12:52,329 INFO: 响应状态: 500 [in D:\Code_Decom\Password-plugin\backend\app.py:42]
2025-09-25 21:12:52,329 INFO: 响应头部: {'Content-Type': 'application/json', 'Content-Length': '51'} [in D:\Code_Decom\Password-plugin\backend\app.py:43]
