2025-09-25 20:58:14,494 INFO: 响应头部: {'Content-Type': 'application/json', 'Content-Length': '2563'} [in D:\Code_Decom\Password-plugin\backend\app.py:43]
2025-09-25 20:58:14,886 INFO: 响应状态: 200 [in D:\Code_Decom\Password-plugin\backend\app.py:42]
2025-09-25 20:58:14,886 INFO: 响应头部: {'Content-Type': 'application/json', 'Content-Length': '8333'} [in D:\Code_Decom\Password-plugin\backend\app.py:43]
2025-09-25 20:58:15,199 INFO: 响应状态: 200 [in D:\Code_Decom\Password-plugin\backend\app.py:42]
2025-09-25 20:58:15,199 INFO: 响应头部: {'Content-Type': 'text/html; charset=utf-8', 'Allow': 'OPTIONS, GET, HEAD'} [in D:\Code_Decom\Password-plugin\backend\app.py:43]
2025-09-25 20:58:15,291 INFO: 响应状态: 200 [in D:\Code_Decom\Password-plugin\backend\app.py:42]
2025-09-25 20:58:15,294 INFO: 响应头部: {'Content-Type': 'application/json', 'Content-Length': '350'} [in D:\Code_Decom\Password-plugin\backend\app.py:43]
2025-09-25 20:58:16,112 INFO: 响应状态: 204 [in D:\Code_Decom\Password-plugin\backend\app.py:42]
2025-09-25 20:58:16,112 INFO: 响应头部: {'Content-Type': 'text/html; charset=utf-8', 'Content-Length': '0'} [in D:\Code_Decom\Password-plugin\backend\app.py:43]
2025-09-25 20:58:16,498 INFO: 响应状态: 200 [in D:\Code_Decom\Password-plugin\backend\app.py:42]
2025-09-25 20:58:16,498 INFO: 响应头部: {'Content-Type': 'application/json', 'Content-Length': '2644'} [in D:\Code_Decom\Password-plugin\backend\app.py:43]
2025-09-25 20:58:18,427 INFO: 响应状态: 204 [in D:\Code_Decom\Password-plugin\backend\app.py:42]
2025-09-25 20:58:18,427 INFO: 响应头部: {'Content-Type': 'text/html; charset=utf-8', 'Content-Length': '0'} [in D:\Code_Decom\Password-plugin\backend\app.py:43]
2025-09-25 20:58:18,504 INFO: 响应状态: 200 [in D:\Code_Decom\Password-plugin\backend\app.py:42]
2025-09-25 20:58:18,505 INFO: 响应头部: {'Content-Type': 'application/json', 'Content-Length': '2563'} [in D:\Code_Decom\Password-plugin\backend\app.py:43]
2025-09-25 20:58:18,676 INFO: 响应状态: 204 [in D:\Code_Decom\Password-plugin\backend\app.py:42]
2025-09-25 20:58:18,677 INFO: 响应头部: {'Content-Type': 'text/html; charset=utf-8', 'Content-Length': '0'} [in D:\Code_Decom\Password-plugin\backend\app.py:43]
2025-09-25 20:58:19,067 INFO: 响应状态: 200 [in D:\Code_Decom\Password-plugin\backend\app.py:42]
2025-09-25 20:58:19,068 INFO: 响应头部: {'Content-Type': 'application/json', 'Content-Length': '8333'} [in D:\Code_Decom\Password-plugin\backend\app.py:43]
2025-09-25 20:58:20,102 INFO: 响应状态: 200 [in D:\Code_Decom\Password-plugin\backend\app.py:42]
2025-09-25 20:58:20,102 INFO: 响应头部: {'Content-Type': 'application/json', 'Content-Length': '350'} [in D:\Code_Decom\Password-plugin\backend\app.py:43]
2025-09-25 20:58:22,134 INFO: 响应状态: 200 [in D:\Code_Decom\Password-plugin\backend\app.py:42]
2025-09-25 20:58:22,134 INFO: 响应头部: {'Content-Type': 'text/html; charset=utf-8', 'Allow': 'OPTIONS, GET, HEAD'} [in D:\Code_Decom\Password-plugin\backend\app.py:43]
2025-09-25 20:58:22,519 INFO: 响应状态: 200 [in D:\Code_Decom\Password-plugin\backend\app.py:42]
2025-09-25 20:58:22,519 INFO: 响应头部: {'Content-Type': 'application/json', 'Content-Length': '350'} [in D:\Code_Decom\Password-plugin\backend\app.py:43]
2025-09-25 20:58:23,458 INFO: 响应状态: 200 [in D:\Code_Decom\Password-plugin\backend\app.py:42]
2025-09-25 20:58:23,458 INFO: 响应头部: {'Content-Type': 'application/json', 'Content-Length': '350'} [in D:\Code_Decom\Password-plugin\backend\app.py:43]
2025-09-25 20:58:26,905 INFO: 响应状态: 204 [in D:\Code_Decom\Password-plugin\backend\app.py:42]
2025-09-25 20:58:26,906 INFO: 响应头部: {'Content-Type': 'text/html; charset=utf-8', 'Content-Length': '0'} [in D:\Code_Decom\Password-plugin\backend\app.py:43]
2025-09-25 20:58:27,293 INFO: 响应状态: 200 [in D:\Code_Decom\Password-plugin\backend\app.py:42]
2025-09-25 20:58:27,293 INFO: 响应头部: {'Content-Type': 'application/json', 'Content-Length': '2563'} [in D:\Code_Decom\Password-plugin\backend\app.py:43]
2025-09-25 20:58:27,305 INFO: 响应状态: 204 [in D:\Code_Decom\Password-plugin\backend\app.py:42]
2025-09-25 20:58:27,306 INFO: 响应头部: {'Content-Type': 'text/html; charset=utf-8', 'Content-Length': '0'} [in D:\Code_Decom\Password-plugin\backend\app.py:43]
2025-09-25 20:58:27,566 INFO: 响应状态: 200 [in D:\Code_Decom\Password-plugin\backend\app.py:42]
2025-09-25 20:58:27,567 INFO: 响应头部: {'Content-Type': 'application/json', 'Content-Length': '8333'} [in D:\Code_Decom\Password-plugin\backend\app.py:43]
2025-09-25 20:58:42,121 INFO: 响应状态: 204 [in D:\Code_Decom\Password-plugin\backend\app.py:42]
2025-09-25 20:58:42,121 INFO: 响应头部: {'Content-Type': 'text/html; charset=utf-8', 'Content-Length': '0'} [in D:\Code_Decom\Password-plugin\backend\app.py:43]
2025-09-25 20:58:42,124 INFO: 响应状态: 405 [in D:\Code_Decom\Password-plugin\backend\app.py:42]
2025-09-25 20:58:42,125 INFO: 响应头部: {'Content-Type': 'text/html; charset=utf-8', 'Allow': 'OPTIONS, GET, HEAD', 'Content-Length': '153', 'Access-Control-Allow-Origin': 'http://localhost:3002', 'Access-Control-Expose-Headers': 'Authorization, Content-Type', 'Access-Control-Allow-Credentials': 'true', 'Vary': 'Origin'} [in D:\Code_Decom\Password-plugin\backend\app.py:43]
2025-09-25 21:00:48,010 INFO: 响应状态: 200 [in D:\Code_Decom\Password-plugin\backend\app.py:42]
2025-09-25 21:00:48,010 INFO: 响应头部: {'Content-Type': 'text/html; charset=utf-8', 'Allow': 'OPTIONS, GET, HEAD'} [in D:\Code_Decom\Password-plugin\backend\app.py:43]
2025-09-25 21:00:48,391 INFO: 响应状态: 200 [in D:\Code_Decom\Password-plugin\backend\app.py:42]
2025-09-25 21:00:48,391 INFO: 响应头部: {'Content-Type': 'application/json', 'Content-Length': '109'} [in D:\Code_Decom\Password-plugin\backend\app.py:43]
2025-09-25 21:00:54,984 INFO: 响应状态: 200 [in D:\Code_Decom\Password-plugin\backend\app.py:42]
2025-09-25 21:00:54,985 INFO: 响应头部: {'Content-Type': 'text/html; charset=utf-8', 'Allow': 'OPTIONS, POST'} [in D:\Code_Decom\Password-plugin\backend\app.py:43]
2025-09-25 21:00:55,390 INFO: 响应状态: 200 [in D:\Code_Decom\Password-plugin\backend\app.py:42]
2025-09-25 21:00:55,391 INFO: 响应头部: {'Content-Type': 'application/json', 'Content-Length': '317'} [in D:\Code_Decom\Password-plugin\backend\app.py:43]
2025-09-25 21:00:56,133 INFO: 响应状态: 204 [in D:\Code_Decom\Password-plugin\backend\app.py:42]
2025-09-25 21:00:56,134 INFO: 响应头部: {'Content-Type': 'text/html; charset=utf-8', 'Content-Length': '0'} [in D:\Code_Decom\Password-plugin\backend\app.py:43]
2025-09-25 21:00:56,528 INFO: 响应状态: 200 [in D:\Code_Decom\Password-plugin\backend\app.py:42]
2025-09-25 21:00:56,528 INFO: 响应头部: {'Content-Type': 'application/json', 'Content-Length': '2563'} [in D:\Code_Decom\Password-plugin\backend\app.py:43]
2025-09-25 21:00:56,573 INFO: 响应状态: 204 [in D:\Code_Decom\Password-plugin\backend\app.py:42]
2025-09-25 21:00:56,573 INFO: 响应头部: {'Content-Type': 'text/html; charset=utf-8', 'Content-Length': '0'} [in D:\Code_Decom\Password-plugin\backend\app.py:43]
2025-09-25 21:00:56,795 INFO: 响应状态: 200 [in D:\Code_Decom\Password-plugin\backend\app.py:42]
2025-09-25 21:00:56,795 INFO: 响应头部: {'Content-Type': 'application/json', 'Content-Length': '8333'} [in D:\Code_Decom\Password-plugin\backend\app.py:43]
2025-09-25 21:01:07,873 INFO: 响应状态: 204 [in D:\Code_Decom\Password-plugin\backend\app.py:42]
2025-09-25 21:01:07,874 INFO: 响应头部: {'Content-Type': 'text/html; charset=utf-8', 'Content-Length': '0'} [in D:\Code_Decom\Password-plugin\backend\app.py:43]
2025-09-25 21:01:07,877 INFO: 响应状态: 405 [in D:\Code_Decom\Password-plugin\backend\app.py:42]
2025-09-25 21:01:07,878 INFO: 响应头部: {'Content-Type': 'text/html; charset=utf-8', 'Allow': 'OPTIONS, GET, HEAD', 'Content-Length': '153', 'Access-Control-Allow-Origin': 'http://localhost:3002', 'Access-Control-Expose-Headers': 'Authorization, Content-Type', 'Access-Control-Allow-Credentials': 'true', 'Vary': 'Origin'} [in D:\Code_Decom\Password-plugin\backend\app.py:43]
2025-09-25 21:01:14,751 INFO: 响应状态: 204 [in D:\Code_Decom\Password-plugin\backend\app.py:42]
2025-09-25 21:01:14,753 INFO: 响应头部: {'Content-Type': 'text/html; charset=utf-8', 'Content-Length': '0'} [in D:\Code_Decom\Password-plugin\backend\app.py:43]
2025-09-25 21:01:15,061 INFO: 响应状态: 405 [in D:\Code_Decom\Password-plugin\backend\app.py:42]
2025-09-25 21:01:15,061 INFO: 响应头部: {'Content-Type': 'text/html; charset=utf-8', 'Allow': 'OPTIONS, GET, HEAD', 'Content-Length': '153', 'Access-Control-Allow-Origin': 'http://localhost:3002', 'Access-Control-Expose-Headers': 'Authorization, Content-Type', 'Access-Control-Allow-Credentials': 'true', 'Vary': 'Origin'} [in D:\Code_Decom\Password-plugin\backend\app.py:43]
2025-09-25 21:01:25,185 INFO: 响应状态: 204 [in D:\Code_Decom\Password-plugin\backend\app.py:42]
2025-09-25 21:01:25,185 INFO: 响应头部: {'Content-Type': 'text/html; charset=utf-8', 'Content-Length': '0'} [in D:\Code_Decom\Password-plugin\backend\app.py:43]
2025-09-25 21:01:25,187 INFO: 响应状态: 405 [in D:\Code_Decom\Password-plugin\backend\app.py:42]
2025-09-25 21:01:25,188 INFO: 响应头部: {'Content-Type': 'text/html; charset=utf-8', 'Allow': 'OPTIONS, GET, HEAD', 'Content-Length': '153', 'Access-Control-Allow-Origin': 'http://localhost:3002', 'Access-Control-Expose-Headers': 'Authorization, Content-Type', 'Access-Control-Allow-Credentials': 'true', 'Vary': 'Origin'} [in D:\Code_Decom\Password-plugin\backend\app.py:43]
