2025-09-25 20:48:30,061 INFO: 密码管家后端启动 [in D:\Code_Decom\Password-plugin\backend\app.py:62]
2025-09-25 20:48:30,203 INFO: 数据库初始化完成 [in D:\Code_Decom\Password-plugin\backend\utils\db.py:121]
2025-09-25 20:48:37,585 INFO: 响应状态: 404 [in D:\Code_Decom\Password-plugin\backend\app.py:42]
2025-09-25 20:48:37,585 INFO: 响应头部: {'Content-Type': 'text/html; charset=utf-8', 'Content-Length': '207', 'Access-Control-Allow-Origin': 'http://127.0.0.1:3000', 'Access-Control-Expose-Headers': 'Authorization, Content-Type', 'Access-Control-Allow-Credentials': 'true', 'Vary': 'Origin'} [in D:\Code_Decom\Password-plugin\backend\app.py:43]
2025-09-25 20:48:37,846 INFO: 响应状态: 404 [in D:\Code_Decom\Password-plugin\backend\app.py:42]
2025-09-25 20:48:37,847 INFO: 响应头部: {'Content-Type': 'text/html; charset=utf-8', 'Content-Length': '207'} [in D:\Code_Decom\Password-plugin\backend\app.py:43]
2025-09-25 20:48:50,552 INFO: 响应状态: 200 [in D:\Code_Decom\Password-plugin\backend\app.py:42]
2025-09-25 20:48:50,553 INFO: 响应头部: {'Content-Type': 'text/html; charset=utf-8', 'Allow': 'HEAD, OPTIONS, GET'} [in D:\Code_Decom\Password-plugin\backend\app.py:43]
2025-09-25 20:48:50,925 INFO: 响应状态: 200 [in D:\Code_Decom\Password-plugin\backend\app.py:42]
2025-09-25 20:48:50,925 INFO: 响应头部: {'Content-Type': 'application/json', 'Content-Length': '109'} [in D:\Code_Decom\Password-plugin\backend\app.py:43]
2025-09-25 20:48:55,670 INFO: 响应状态: 200 [in D:\Code_Decom\Password-plugin\backend\app.py:42]
2025-09-25 20:48:55,671 INFO: 响应头部: {'Content-Type': 'text/html; charset=utf-8', 'Allow': 'POST, OPTIONS'} [in D:\Code_Decom\Password-plugin\backend\app.py:43]
2025-09-25 20:48:56,094 INFO: 响应状态: 200 [in D:\Code_Decom\Password-plugin\backend\app.py:42]
2025-09-25 20:48:56,095 INFO: 响应头部: {'Content-Type': 'application/json', 'Content-Length': '317'} [in D:\Code_Decom\Password-plugin\backend\app.py:43]
2025-09-25 20:48:56,841 INFO: 响应状态: 204 [in D:\Code_Decom\Password-plugin\backend\app.py:42]
2025-09-25 20:48:56,842 INFO: 响应头部: {'Content-Type': 'text/html; charset=utf-8', 'Content-Length': '0'} [in D:\Code_Decom\Password-plugin\backend\app.py:43]
2025-09-25 20:48:57,226 INFO: 响应状态: 200 [in D:\Code_Decom\Password-plugin\backend\app.py:42]
2025-09-25 20:48:57,227 INFO: 响应头部: {'Content-Type': 'application/json', 'Content-Length': '2563'} [in D:\Code_Decom\Password-plugin\backend\app.py:43]
2025-09-25 20:48:57,272 INFO: 响应状态: 204 [in D:\Code_Decom\Password-plugin\backend\app.py:42]
2025-09-25 20:48:57,273 INFO: 响应头部: {'Content-Type': 'text/html; charset=utf-8', 'Content-Length': '0'} [in D:\Code_Decom\Password-plugin\backend\app.py:43]
2025-09-25 20:48:57,515 INFO: 响应状态: 200 [in D:\Code_Decom\Password-plugin\backend\app.py:42]
2025-09-25 20:48:57,516 INFO: 响应头部: {'Content-Type': 'application/json', 'Content-Length': '8333'} [in D:\Code_Decom\Password-plugin\backend\app.py:43]
2025-09-25 20:49:01,034 INFO: 响应状态: 204 [in D:\Code_Decom\Password-plugin\backend\app.py:42]
2025-09-25 20:49:01,035 INFO: 响应头部: {'Content-Type': 'text/html; charset=utf-8', 'Content-Length': '0'} [in D:\Code_Decom\Password-plugin\backend\app.py:43]
2025-09-25 20:49:01,039 INFO: 响应状态: 405 [in D:\Code_Decom\Password-plugin\backend\app.py:42]
2025-09-25 20:49:01,040 INFO: 响应头部: {'Content-Type': 'text/html; charset=utf-8', 'Allow': 'HEAD, DELETE, PUT, OPTIONS, GET', 'Content-Length': '153', 'Access-Control-Allow-Origin': 'http://localhost:3002', 'Access-Control-Expose-Headers': 'Authorization, Content-Type', 'Access-Control-Allow-Credentials': 'true', 'Vary': 'Origin'} [in D:\Code_Decom\Password-plugin\backend\app.py:43]
