2025-09-25 20:46:20,876 INFO: 响应头部: {'Content-Type': 'text/html; charset=utf-8', 'Allow': 'DELETE, PUT, OPTIONS, HEAD, GET', 'Content-Length': '153', 'Access-Control-Allow-Origin': 'http://localhost:3002', 'Access-Control-Expose-Headers': 'Authorization, Content-Type', 'Access-Control-Allow-Credentials': 'true', 'Vary': 'Origin'} [in D:\Code_Decom\Password-plugin\backend\app.py:43]
2025-09-25 20:46:42,902 INFO: 响应状态: 204 [in D:\Code_Decom\Password-plugin\backend\app.py:42]
2025-09-25 20:46:42,903 INFO: 响应头部: {'Content-Type': 'text/html; charset=utf-8', 'Content-Length': '0'} [in D:\Code_Decom\Password-plugin\backend\app.py:43]
2025-09-25 20:46:43,285 INFO: 响应状态: 200 [in D:\Code_Decom\Password-plugin\backend\app.py:42]
2025-09-25 20:46:43,319 INFO: 响应头部: {'Content-Type': 'application/json', 'Content-Length': '2563'} [in D:\Code_Decom\Password-plugin\backend\app.py:43]
2025-09-25 20:46:43,643 INFO: 响应状态: 204 [in D:\Code_Decom\Password-plugin\backend\app.py:42]
2025-09-25 20:46:43,643 INFO: 响应头部: {'Content-Type': 'text/html; charset=utf-8', 'Content-Length': '0'} [in D:\Code_Decom\Password-plugin\backend\app.py:43]
2025-09-25 20:46:43,720 INFO: 响应状态: 200 [in D:\Code_Decom\Password-plugin\backend\app.py:42]
2025-09-25 20:46:43,720 INFO: 响应头部: {'Content-Type': 'application/json', 'Content-Length': '8333'} [in D:\Code_Decom\Password-plugin\backend\app.py:43]
2025-09-25 20:46:49,193 INFO: 响应状态: 204 [in D:\Code_Decom\Password-plugin\backend\app.py:42]
2025-09-25 20:46:49,193 INFO: 响应头部: {'Content-Type': 'text/html; charset=utf-8', 'Content-Length': '0'} [in D:\Code_Decom\Password-plugin\backend\app.py:43]
2025-09-25 20:46:49,500 INFO: 响应状态: 405 [in D:\Code_Decom\Password-plugin\backend\app.py:42]
2025-09-25 20:46:49,501 INFO: 响应头部: {'Content-Type': 'text/html; charset=utf-8', 'Allow': 'DELETE, PUT, OPTIONS, HEAD, GET', 'Content-Length': '153', 'Access-Control-Allow-Origin': 'http://localhost:3002', 'Access-Control-Expose-Headers': 'Authorization, Content-Type', 'Access-Control-Allow-Credentials': 'true', 'Vary': 'Origin'} [in D:\Code_Decom\Password-plugin\backend\app.py:43]
2025-09-25 20:47:18,029 INFO: 响应状态: 204 [in D:\Code_Decom\Password-plugin\backend\app.py:42]
2025-09-25 20:47:18,030 INFO: 响应头部: {'Content-Type': 'text/html; charset=utf-8', 'Content-Length': '0'} [in D:\Code_Decom\Password-plugin\backend\app.py:43]
2025-09-25 20:47:18,106 INFO: 响应状态: 200 [in D:\Code_Decom\Password-plugin\backend\app.py:42]
2025-09-25 20:47:18,106 INFO: 响应头部: {'Content-Type': 'application/json', 'Content-Length': '2563'} [in D:\Code_Decom\Password-plugin\backend\app.py:43]
2025-09-25 20:47:18,295 INFO: 响应状态: 204 [in D:\Code_Decom\Password-plugin\backend\app.py:42]
2025-09-25 20:47:18,297 INFO: 响应头部: {'Content-Type': 'text/html; charset=utf-8', 'Content-Length': '0'} [in D:\Code_Decom\Password-plugin\backend\app.py:43]
2025-09-25 20:47:18,680 INFO: 响应状态: 200 [in D:\Code_Decom\Password-plugin\backend\app.py:42]
2025-09-25 20:47:18,681 INFO: 响应头部: {'Content-Type': 'application/json', 'Content-Length': '8333'} [in D:\Code_Decom\Password-plugin\backend\app.py:43]
2025-09-25 20:47:18,688 INFO: 响应状态: 200 [in D:\Code_Decom\Password-plugin\backend\app.py:42]
2025-09-25 20:47:18,688 INFO: 响应头部: {'Content-Type': 'text/html; charset=utf-8', 'Allow': 'HEAD, GET, OPTIONS'} [in D:\Code_Decom\Password-plugin\backend\app.py:43]
2025-09-25 20:47:18,948 INFO: 响应状态: 200 [in D:\Code_Decom\Password-plugin\backend\app.py:42]
2025-09-25 20:47:18,949 INFO: 响应头部: {'Content-Type': 'application/json', 'Content-Length': '350'} [in D:\Code_Decom\Password-plugin\backend\app.py:43]
2025-09-25 20:47:20,122 INFO: 响应状态: 204 [in D:\Code_Decom\Password-plugin\backend\app.py:42]
2025-09-25 20:47:20,123 INFO: 响应头部: {'Content-Type': 'text/html; charset=utf-8', 'Content-Length': '0'} [in D:\Code_Decom\Password-plugin\backend\app.py:43]
2025-09-25 20:47:20,127 INFO: 响应状态: 405 [in D:\Code_Decom\Password-plugin\backend\app.py:42]
2025-09-25 20:47:20,128 INFO: 响应头部: {'Content-Type': 'text/html; charset=utf-8', 'Allow': 'DELETE, PUT, OPTIONS, HEAD, GET', 'Content-Length': '153', 'Access-Control-Allow-Origin': 'http://localhost:3002', 'Access-Control-Expose-Headers': 'Authorization, Content-Type', 'Access-Control-Allow-Credentials': 'true', 'Vary': 'Origin'} [in D:\Code_Decom\Password-plugin\backend\app.py:43]
2025-09-25 20:47:23,155 INFO: 响应状态: 204 [in D:\Code_Decom\Password-plugin\backend\app.py:42]
2025-09-25 20:47:23,155 INFO: 响应头部: {'Content-Type': 'text/html; charset=utf-8', 'Content-Length': '0'} [in D:\Code_Decom\Password-plugin\backend\app.py:43]
2025-09-25 20:47:23,565 INFO: 响应状态: 200 [in D:\Code_Decom\Password-plugin\backend\app.py:42]
2025-09-25 20:47:23,566 INFO: 响应头部: {'Content-Type': 'application/json', 'Content-Length': '2563'} [in D:\Code_Decom\Password-plugin\backend\app.py:43]
2025-09-25 20:47:23,894 INFO: 响应状态: 204 [in D:\Code_Decom\Password-plugin\backend\app.py:42]
2025-09-25 20:47:23,894 INFO: 响应头部: {'Content-Type': 'text/html; charset=utf-8', 'Content-Length': '0'} [in D:\Code_Decom\Password-plugin\backend\app.py:43]
2025-09-25 20:47:23,970 INFO: 响应状态: 200 [in D:\Code_Decom\Password-plugin\backend\app.py:42]
2025-09-25 20:47:23,990 INFO: 响应头部: {'Content-Type': 'application/json', 'Content-Length': '8333'} [in D:\Code_Decom\Password-plugin\backend\app.py:43]
2025-09-25 20:47:26,881 INFO: 响应状态: 204 [in D:\Code_Decom\Password-plugin\backend\app.py:42]
2025-09-25 20:47:26,882 INFO: 响应头部: {'Content-Type': 'text/html; charset=utf-8', 'Content-Length': '0'} [in D:\Code_Decom\Password-plugin\backend\app.py:43]
2025-09-25 20:47:27,188 INFO: 响应状态: 405 [in D:\Code_Decom\Password-plugin\backend\app.py:42]
2025-09-25 20:47:27,189 INFO: 响应头部: {'Content-Type': 'text/html; charset=utf-8', 'Allow': 'DELETE, PUT, OPTIONS, HEAD, GET', 'Content-Length': '153', 'Access-Control-Allow-Origin': 'http://localhost:3002', 'Access-Control-Expose-Headers': 'Authorization, Content-Type', 'Access-Control-Allow-Credentials': 'true', 'Vary': 'Origin'} [in D:\Code_Decom\Password-plugin\backend\app.py:43]
