2025-09-25 20:32:18,595 INFO: 响应状态: 204 [in D:\Code_Decom\Password-plugin\backend\app.py:42]
2025-09-25 20:32:18,598 INFO: 响应头部: {'Content-Type': 'text/html; charset=utf-8', 'Content-Length': '0'} [in D:\Code_Decom\Password-plugin\backend\app.py:43]
2025-09-25 20:32:18,992 INFO: 响应状态: 200 [in D:\Code_Decom\Password-plugin\backend\app.py:42]
2025-09-25 20:32:18,992 INFO: 响应头部: {'Content-Type': 'application/json', 'Content-Length': '8333'} [in D:\Code_Decom\Password-plugin\backend\app.py:43]
2025-09-25 20:32:18,999 INFO: 响应状态: 200 [in D:\Code_Decom\Password-plugin\backend\app.py:42]
2025-09-25 20:32:18,999 INFO: 响应头部: {'Content-Type': 'text/html; charset=utf-8', 'Allow': 'GET, OPTIONS, HEAD'} [in D:\Code_Decom\Password-plugin\backend\app.py:43]
2025-09-25 20:32:19,252 INFO: 响应状态: 200 [in D:\Code_Decom\Password-plugin\backend\app.py:42]
2025-09-25 20:32:19,253 INFO: 响应头部: {'Content-Type': 'application/json', 'Content-Length': '350'} [in D:\Code_Decom\Password-plugin\backend\app.py:43]
2025-09-25 20:32:20,533 INFO: 响应状态: 204 [in D:\Code_Decom\Password-plugin\backend\app.py:42]
2025-09-25 20:32:20,534 INFO: 响应头部: {'Content-Type': 'text/html; charset=utf-8', 'Content-Length': '0'} [in D:\Code_Decom\Password-plugin\backend\app.py:43]
2025-09-25 20:32:20,538 INFO: 响应状态: 405 [in D:\Code_Decom\Password-plugin\backend\app.py:42]
2025-09-25 20:32:20,538 INFO: 响应头部: {'Content-Type': 'text/html; charset=utf-8', 'Allow': 'OPTIONS, HEAD, GET, PUT, DELETE', 'Content-Length': '153', 'Access-Control-Allow-Origin': 'http://localhost:3002', 'Access-Control-Expose-Headers': 'Authorization, Content-Type', 'Access-Control-Allow-Credentials': 'true', 'Vary': 'Origin'} [in D:\Code_Decom\Password-plugin\backend\app.py:43]
2025-09-25 20:37:32,614 INFO: 响应状态: 204 [in D:\Code_Decom\Password-plugin\backend\app.py:42]
2025-09-25 20:37:32,614 INFO: 响应头部: {'Content-Type': 'text/html; charset=utf-8', 'Content-Length': '0'} [in D:\Code_Decom\Password-plugin\backend\app.py:43]
2025-09-25 20:37:32,920 INFO: 响应状态: 405 [in D:\Code_Decom\Password-plugin\backend\app.py:42]
2025-09-25 20:37:32,921 INFO: 响应头部: {'Content-Type': 'text/html; charset=utf-8', 'Allow': 'OPTIONS, HEAD, GET, PUT, DELETE', 'Content-Length': '153', 'Access-Control-Allow-Origin': 'http://localhost:3002', 'Access-Control-Expose-Headers': 'Authorization, Content-Type', 'Access-Control-Allow-Credentials': 'true', 'Vary': 'Origin'} [in D:\Code_Decom\Password-plugin\backend\app.py:43]
2025-09-25 20:41:59,036 INFO: 响应状态: 200 [in D:\Code_Decom\Password-plugin\backend\app.py:42]
2025-09-25 20:41:59,036 INFO: 响应头部: {'Content-Type': 'text/html; charset=utf-8', 'Allow': 'GET, OPTIONS, HEAD'} [in D:\Code_Decom\Password-plugin\backend\app.py:43]
2025-09-25 20:41:59,407 INFO: 响应状态: 200 [in D:\Code_Decom\Password-plugin\backend\app.py:42]
2025-09-25 20:41:59,407 INFO: 响应头部: {'Content-Type': 'application/json', 'Content-Length': '350'} [in D:\Code_Decom\Password-plugin\backend\app.py:43]
2025-09-25 20:42:00,762 INFO: 响应状态: 200 [in D:\Code_Decom\Password-plugin\backend\app.py:42]
2025-09-25 20:42:00,762 INFO: 响应头部: {'Content-Type': 'application/json', 'Content-Length': '350'} [in D:\Code_Decom\Password-plugin\backend\app.py:43]
2025-09-25 20:42:06,565 INFO: 响应状态: 204 [in D:\Code_Decom\Password-plugin\backend\app.py:42]
2025-09-25 20:42:06,565 INFO: 响应头部: {'Content-Type': 'text/html; charset=utf-8', 'Content-Length': '0'} [in D:\Code_Decom\Password-plugin\backend\app.py:43]
2025-09-25 20:42:06,944 INFO: 响应状态: 200 [in D:\Code_Decom\Password-plugin\backend\app.py:42]
2025-09-25 20:42:06,944 INFO: 响应头部: {'Content-Type': 'application/json', 'Content-Length': '2563'} [in D:\Code_Decom\Password-plugin\backend\app.py:43]
2025-09-25 20:42:07,271 INFO: 响应状态: 204 [in D:\Code_Decom\Password-plugin\backend\app.py:42]
2025-09-25 20:42:07,271 INFO: 响应头部: {'Content-Type': 'text/html; charset=utf-8', 'Content-Length': '0'} [in D:\Code_Decom\Password-plugin\backend\app.py:43]
2025-09-25 20:42:07,337 INFO: 响应状态: 200 [in D:\Code_Decom\Password-plugin\backend\app.py:42]
2025-09-25 20:42:07,338 INFO: 响应头部: {'Content-Type': 'application/json', 'Content-Length': '8333'} [in D:\Code_Decom\Password-plugin\backend\app.py:43]
