2025-09-25 20:13:51,941 INFO: 密码管家后端启动 [in D:\Code_Decom\Password-plugin\backend\app.py:62]
2025-09-25 20:13:52,053 INFO: 数据库初始化完成 [in D:\Code_Decom\Password-plugin\backend\utils\db.py:121]
2025-09-25 20:13:56,295 INFO: 响应状态: 200 [in D:\Code_Decom\Password-plugin\backend\app.py:42]
2025-09-25 20:13:56,296 INFO: 响应头部: {'Content-Type': 'application/json', 'Content-Length': '109'} [in D:\Code_Decom\Password-plugin\backend\app.py:43]
2025-09-25 20:13:59,257 INFO: 响应状态: 200 [in D:\Code_Decom\Password-plugin\backend\app.py:42]
2025-09-25 20:13:59,257 INFO: 响应头部: {'Content-Type': 'application/json', 'Content-Length': '317'} [in D:\Code_Decom\Password-plugin\backend\app.py:43]
2025-09-25 20:14:00,045 INFO: 响应状态: 200 [in D:\Code_Decom\Password-plugin\backend\app.py:42]
2025-09-25 20:14:00,046 INFO: 响应头部: {'Content-Type': 'application/json', 'Content-Length': '350'} [in D:\Code_Decom\Password-plugin\backend\app.py:43]
2025-09-25 20:14:01,493 INFO: 响应状态: 204 [in D:\Code_Decom\Password-plugin\backend\app.py:42]
2025-09-25 20:14:01,493 INFO: 响应头部: {'Content-Type': 'text/html; charset=utf-8', 'Content-Length': '0'} [in D:\Code_Decom\Password-plugin\backend\app.py:43]
2025-09-25 20:14:01,573 INFO: 响应状态: 200 [in D:\Code_Decom\Password-plugin\backend\app.py:42]
2025-09-25 20:14:01,573 INFO: 响应头部: {'Content-Type': 'application/json', 'Content-Length': '7007'} [in D:\Code_Decom\Password-plugin\backend\app.py:43]
2025-09-25 20:14:01,758 INFO: 响应状态: 204 [in D:\Code_Decom\Password-plugin\backend\app.py:42]
2025-09-25 20:14:01,759 INFO: 响应头部: {'Content-Type': 'text/html; charset=utf-8', 'Content-Length': '0'} [in D:\Code_Decom\Password-plugin\backend\app.py:43]
2025-09-25 20:14:02,142 INFO: 响应状态: 200 [in D:\Code_Decom\Password-plugin\backend\app.py:42]
2025-09-25 20:14:02,143 INFO: 响应头部: {'Content-Type': 'application/json', 'Content-Length': '3410'} [in D:\Code_Decom\Password-plugin\backend\app.py:43]
2025-09-25 20:14:02,414 INFO: 响应状态: 200 [in D:\Code_Decom\Password-plugin\backend\app.py:42]
2025-09-25 20:14:02,415 INFO: 响应头部: {'Content-Type': 'application/json', 'Content-Length': '350'} [in D:\Code_Decom\Password-plugin\backend\app.py:43]
2025-09-25 20:14:03,741 INFO: 响应状态: 200 [in D:\Code_Decom\Password-plugin\backend\app.py:42]
2025-09-25 20:14:03,742 INFO: 响应头部: {'Content-Type': 'application/json', 'Content-Length': '7007'} [in D:\Code_Decom\Password-plugin\backend\app.py:43]
2025-09-25 20:14:04,152 INFO: 响应状态: 200 [in D:\Code_Decom\Password-plugin\backend\app.py:42]
2025-09-25 20:14:04,153 INFO: 响应头部: {'Content-Type': 'application/json', 'Content-Length': '3410'} [in D:\Code_Decom\Password-plugin\backend\app.py:43]
2025-09-25 20:14:12,217 INFO: 响应状态: 200 [in D:\Code_Decom\Password-plugin\backend\app.py:42]
2025-09-25 20:14:12,217 INFO: 响应头部: {'Content-Type': 'application/json', 'Content-Length': '350'} [in D:\Code_Decom\Password-plugin\backend\app.py:43]
2025-09-25 20:14:14,720 INFO: 响应状态: 200 [in D:\Code_Decom\Password-plugin\backend\app.py:42]
2025-09-25 20:14:14,720 INFO: 响应头部: {'Content-Type': 'application/json', 'Content-Length': '350'} [in D:\Code_Decom\Password-plugin\backend\app.py:43]
2025-09-25 20:14:15,763 INFO: 响应状态: 204 [in D:\Code_Decom\Password-plugin\backend\app.py:42]
2025-09-25 20:14:15,763 INFO: 响应头部: {'Content-Type': 'text/html; charset=utf-8', 'Content-Length': '0'} [in D:\Code_Decom\Password-plugin\backend\app.py:43]
2025-09-25 20:14:15,852 INFO: 响应状态: 200 [in D:\Code_Decom\Password-plugin\backend\app.py:42]
2025-09-25 20:14:15,852 INFO: 响应头部: {'Content-Type': 'application/json', 'Content-Length': '7007'} [in D:\Code_Decom\Password-plugin\backend\app.py:43]
2025-09-25 20:14:16,173 INFO: 响应状态: 204 [in D:\Code_Decom\Password-plugin\backend\app.py:42]
2025-09-25 20:14:16,174 INFO: 响应头部: {'Content-Type': 'text/html; charset=utf-8', 'Content-Length': '0'} [in D:\Code_Decom\Password-plugin\backend\app.py:43]
2025-09-25 20:14:16,571 INFO: 响应状态: 200 [in D:\Code_Decom\Password-plugin\backend\app.py:42]
2025-09-25 20:14:16,572 INFO: 响应头部: {'Content-Type': 'application/json', 'Content-Length': '3410'} [in D:\Code_Decom\Password-plugin\backend\app.py:43]
2025-09-25 20:14:16,844 INFO: 响应状态: 200 [in D:\Code_Decom\Password-plugin\backend\app.py:42]
2025-09-25 20:14:16,844 INFO: 响应头部: {'Content-Type': 'application/json', 'Content-Length': '7007'} [in D:\Code_Decom\Password-plugin\backend\app.py:43]
2025-09-25 20:14:17,011 INFO: 响应状态: 200 [in D:\Code_Decom\Password-plugin\backend\app.py:42]
2025-09-25 20:14:17,011 INFO: 响应头部: {'Content-Type': 'application/json', 'Content-Length': '350'} [in D:\Code_Decom\Password-plugin\backend\app.py:43]
2025-09-25 20:14:17,019 INFO: 响应状态: 200 [in D:\Code_Decom\Password-plugin\backend\app.py:42]
2025-09-25 20:14:17,019 INFO: 响应头部: {'Content-Type': 'application/json', 'Content-Length': '3410'} [in D:\Code_Decom\Password-plugin\backend\app.py:43]
2025-09-25 20:14:17,246 INFO: 响应状态: 200 [in D:\Code_Decom\Password-plugin\backend\app.py:42]
2025-09-25 20:14:17,246 INFO: 响应头部: {'Content-Type': 'application/json', 'Content-Length': '350'} [in D:\Code_Decom\Password-plugin\backend\app.py:43]
