2025-09-25 20:23:10,408 INFO: 响应头部: {'Content-Type': 'text/html; charset=utf-8', 'Content-Length': '0'} [in D:\Code_Decom\Password-plugin\backend\app.py:43]
2025-09-25 20:23:10,867 INFO: 响应状态: 200 [in D:\Code_Decom\Password-plugin\backend\app.py:42]
2025-09-25 20:23:10,868 INFO: 响应头部: {'Content-Type': 'application/json', 'Content-Length': '2900'} [in D:\Code_Decom\Password-plugin\backend\app.py:43]
2025-09-25 20:23:11,194 INFO: 响应状态: 204 [in D:\Code_Decom\Password-plugin\backend\app.py:42]
2025-09-25 20:23:11,194 INFO: 响应头部: {'Content-Type': 'text/html; charset=utf-8', 'Content-Length': '0'} [in D:\Code_Decom\Password-plugin\backend\app.py:43]
2025-09-25 20:23:11,294 INFO: 响应状态: 200 [in D:\Code_Decom\Password-plugin\backend\app.py:42]
2025-09-25 20:23:11,305 INFO: 响应头部: {'Content-Type': 'application/json', 'Content-Length': '8333'} [in D:\Code_Decom\Password-plugin\backend\app.py:43]
2025-09-25 20:23:18,347 INFO: 响应状态: 204 [in D:\Code_Decom\Password-plugin\backend\app.py:42]
2025-09-25 20:23:18,348 INFO: 响应头部: {'Content-Type': 'text/html; charset=utf-8', 'Content-Length': '0'} [in D:\Code_Decom\Password-plugin\backend\app.py:43]
2025-09-25 20:23:18,748 INFO: 响应状态: 200 [in D:\Code_Decom\Password-plugin\backend\app.py:42]
2025-09-25 20:23:18,749 INFO: 响应头部: {'Content-Type': 'application/json', 'Content-Length': '2900'} [in D:\Code_Decom\Password-plugin\backend\app.py:43]
2025-09-25 20:23:18,757 INFO: 响应状态: 204 [in D:\Code_Decom\Password-plugin\backend\app.py:42]
2025-09-25 20:23:18,757 INFO: 响应头部: {'Content-Type': 'text/html; charset=utf-8', 'Content-Length': '0'} [in D:\Code_Decom\Password-plugin\backend\app.py:43]
2025-09-25 20:23:19,243 INFO: 响应状态: 200 [in D:\Code_Decom\Password-plugin\backend\app.py:42]
2025-09-25 20:23:19,244 INFO: 响应头部: {'Content-Type': 'application/json', 'Content-Length': '8333'} [in D:\Code_Decom\Password-plugin\backend\app.py:43]
2025-09-25 20:23:19,249 INFO: 响应状态: 200 [in D:\Code_Decom\Password-plugin\backend\app.py:42]
2025-09-25 20:23:19,249 INFO: 响应头部: {'Content-Type': 'application/json', 'Content-Length': '2900'} [in D:\Code_Decom\Password-plugin\backend\app.py:43]
2025-09-25 20:23:19,576 INFO: 响应状态: 200 [in D:\Code_Decom\Password-plugin\backend\app.py:42]
2025-09-25 20:23:19,577 INFO: 响应头部: {'Content-Type': 'text/html; charset=utf-8', 'Allow': 'HEAD, GET, OPTIONS'} [in D:\Code_Decom\Password-plugin\backend\app.py:43]
2025-09-25 20:23:19,660 INFO: 响应状态: 200 [in D:\Code_Decom\Password-plugin\backend\app.py:42]
2025-09-25 20:23:19,660 INFO: 响应头部: {'Content-Type': 'application/json', 'Content-Length': '8333'} [in D:\Code_Decom\Password-plugin\backend\app.py:43]
2025-09-25 20:23:19,924 INFO: 响应状态: 200 [in D:\Code_Decom\Password-plugin\backend\app.py:42]
2025-09-25 20:23:19,924 INFO: 响应头部: {'Content-Type': 'application/json', 'Content-Length': '350'} [in D:\Code_Decom\Password-plugin\backend\app.py:43]
2025-09-25 20:23:25,445 INFO: 响应状态: 404 [in D:\Code_Decom\Password-plugin\backend\app.py:42]
2025-09-25 20:23:25,445 INFO: 响应头部: {'Content-Type': 'text/html; charset=utf-8', 'Content-Length': '207', 'Access-Control-Allow-Origin': 'http://localhost:3002', 'Access-Control-Expose-Headers': 'Authorization, Content-Type', 'Access-Control-Allow-Credentials': 'true', 'Access-Control-Allow-Headers': 'authorization', 'Access-Control-Allow-Methods': 'DELETE, GET, OPTIONS, POST, PUT', 'Vary': 'Origin'} [in D:\Code_Decom\Password-plugin\backend\app.py:43]
2025-09-25 20:23:39,385 INFO: 响应状态: 404 [in D:\Code_Decom\Password-plugin\backend\app.py:42]
2025-09-25 20:23:39,385 INFO: 响应头部: {'Content-Type': 'text/html; charset=utf-8', 'Content-Length': '207', 'Access-Control-Allow-Origin': 'http://localhost:3002', 'Access-Control-Expose-Headers': 'Authorization, Content-Type', 'Access-Control-Allow-Credentials': 'true', 'Access-Control-Allow-Headers': 'authorization', 'Access-Control-Allow-Methods': 'DELETE, GET, OPTIONS, POST, PUT', 'Vary': 'Origin'} [in D:\Code_Decom\Password-plugin\backend\app.py:43]
2025-09-25 20:25:16,531 INFO: 响应状态: 404 [in D:\Code_Decom\Password-plugin\backend\app.py:42]
2025-09-25 20:25:16,532 INFO: 响应头部: {'Content-Type': 'text/html; charset=utf-8', 'Content-Length': '207', 'Access-Control-Allow-Origin': 'http://localhost:3002', 'Access-Control-Expose-Headers': 'Authorization, Content-Type', 'Access-Control-Allow-Credentials': 'true', 'Access-Control-Allow-Headers': 'authorization', 'Access-Control-Allow-Methods': 'DELETE, GET, OPTIONS, POST, PUT', 'Vary': 'Origin'} [in D:\Code_Decom\Password-plugin\backend\app.py:43]
2025-09-25 20:25:59,267 INFO: 响应状态: 404 [in D:\Code_Decom\Password-plugin\backend\app.py:42]
2025-09-25 20:25:59,267 INFO: 响应头部: {'Content-Type': 'text/html; charset=utf-8', 'Content-Length': '207', 'Access-Control-Allow-Origin': 'http://localhost:3002', 'Access-Control-Expose-Headers': 'Authorization, Content-Type', 'Access-Control-Allow-Credentials': 'true', 'Access-Control-Allow-Headers': 'authorization', 'Access-Control-Allow-Methods': 'DELETE, GET, OPTIONS, POST, PUT', 'Vary': 'Origin'} [in D:\Code_Decom\Password-plugin\backend\app.py:43]
2025-09-25 20:26:04,564 INFO: 响应状态: 404 [in D:\Code_Decom\Password-plugin\backend\app.py:42]
2025-09-25 20:26:04,565 INFO: 响应头部: {'Content-Type': 'text/html; charset=utf-8', 'Content-Length': '207', 'Access-Control-Allow-Origin': 'http://localhost:3002', 'Access-Control-Expose-Headers': 'Authorization, Content-Type', 'Access-Control-Allow-Credentials': 'true', 'Access-Control-Allow-Headers': 'authorization', 'Access-Control-Allow-Methods': 'DELETE, GET, OPTIONS, POST, PUT', 'Vary': 'Origin'} [in D:\Code_Decom\Password-plugin\backend\app.py:43]
