2025-09-25 20:11:06,179 INFO: 密码管家后端启动 [in D:\Code_Decom\Password-plugin\backend\app.py:62]
2025-09-25 20:11:06,292 INFO: 数据库初始化完成 [in D:\Code_Decom\Password-plugin\backend\utils\db.py:121]
2025-09-25 20:11:11,919 INFO: 响应状态: 200 [in D:\Code_Decom\Password-plugin\backend\app.py:42]
2025-09-25 20:11:11,919 INFO: 响应头部: {'Content-Type': 'application/json', 'Content-Length': '109'} [in D:\Code_Decom\Password-plugin\backend\app.py:43]
2025-09-25 20:11:18,268 INFO: 响应状态: 200 [in D:\Code_Decom\Password-plugin\backend\app.py:42]
2025-09-25 20:11:18,268 INFO: 响应头部: {'Content-Type': 'application/json', 'Content-Length': '317'} [in D:\Code_Decom\Password-plugin\backend\app.py:43]
2025-09-25 20:11:19,055 INFO: 响应状态: 204 [in D:\Code_Decom\Password-plugin\backend\app.py:42]
2025-09-25 20:11:19,056 INFO: 响应头部: {'Content-Type': 'text/html; charset=utf-8', 'Content-Length': '0'} [in D:\Code_Decom\Password-plugin\backend\app.py:43]
2025-09-25 20:11:19,455 ERROR: 获取密码列表失败: type object 'Password' has no attribute 'find_all_by_user' [in D:\Code_Decom\Password-plugin\backend\api\password_routes.py:86]
2025-09-25 20:11:19,458 INFO: 响应状态: 500 [in D:\Code_Decom\Password-plugin\backend\app.py:42]
2025-09-25 20:11:19,458 INFO: 响应头部: {'Content-Type': 'application/json', 'Content-Length': '63'} [in D:\Code_Decom\Password-plugin\backend\app.py:43]
2025-09-25 20:11:30,448 INFO: 响应状态: 204 [in D:\Code_Decom\Password-plugin\backend\app.py:42]
2025-09-25 20:11:30,448 INFO: 响应头部: {'Content-Type': 'text/html; charset=utf-8', 'Content-Length': '0'} [in D:\Code_Decom\Password-plugin\backend\app.py:43]
2025-09-25 20:11:30,524 ERROR: 获取密码列表失败: type object 'Password' has no attribute 'find_all_by_user' [in D:\Code_Decom\Password-plugin\backend\api\password_routes.py:86]
2025-09-25 20:11:30,525 INFO: 响应状态: 500 [in D:\Code_Decom\Password-plugin\backend\app.py:42]
2025-09-25 20:11:30,526 INFO: 响应头部: {'Content-Type': 'application/json', 'Content-Length': '63'} [in D:\Code_Decom\Password-plugin\backend\app.py:43]
2025-09-25 20:11:32,545 INFO: 响应状态: 200 [in D:\Code_Decom\Password-plugin\backend\app.py:42]
2025-09-25 20:11:32,546 INFO: 响应头部: {'Content-Type': 'application/json', 'Content-Length': '350'} [in D:\Code_Decom\Password-plugin\backend\app.py:43]
2025-09-25 20:11:33,518 INFO: 响应状态: 200 [in D:\Code_Decom\Password-plugin\backend\app.py:42]
2025-09-25 20:11:33,544 INFO: 响应头部: {'Content-Type': 'application/json', 'Content-Length': '350'} [in D:\Code_Decom\Password-plugin\backend\app.py:43]
