2025-09-25 21:22:28,910 INFO: 密码管家后端启动 [in D:\Code_Decom\Password-plugin\backend\app.py:62]
2025-09-25 21:22:29,050 INFO: 数据库初始化完成 [in D:\Code_Decom\Password-plugin\backend\utils\db.py:121]
2025-09-25 21:22:33,806 INFO: 响应状态: 200 [in D:\Code_Decom\Password-plugin\backend\app.py:42]
2025-09-25 21:22:33,807 INFO: 响应头部: {'Content-Type': 'text/html; charset=utf-8', 'Allow': 'GET, HEAD, OPTIONS'} [in D:\Code_Decom\Password-plugin\backend\app.py:43]
2025-09-25 21:22:34,189 INFO: 响应状态: 200 [in D:\Code_Decom\Password-plugin\backend\app.py:42]
2025-09-25 21:22:34,189 INFO: 响应头部: {'Content-Type': 'application/json', 'Content-Length': '109'} [in D:\Code_Decom\Password-plugin\backend\app.py:43]
2025-09-25 21:22:39,343 INFO: 响应状态: 200 [in D:\Code_Decom\Password-plugin\backend\app.py:42]
2025-09-25 21:22:39,343 INFO: 响应头部: {'Content-Type': 'text/html; charset=utf-8', 'Allow': 'POST, OPTIONS'} [in D:\Code_Decom\Password-plugin\backend\app.py:43]
2025-09-25 21:22:39,747 INFO: 响应状态: 200 [in D:\Code_Decom\Password-plugin\backend\app.py:42]
2025-09-25 21:22:39,747 INFO: 响应头部: {'Content-Type': 'application/json', 'Content-Length': '317'} [in D:\Code_Decom\Password-plugin\backend\app.py:43]
2025-09-25 21:22:40,490 INFO: 响应状态: 204 [in D:\Code_Decom\Password-plugin\backend\app.py:42]
2025-09-25 21:22:40,490 INFO: 响应头部: {'Content-Type': 'text/html; charset=utf-8', 'Content-Length': '0'} [in D:\Code_Decom\Password-plugin\backend\app.py:43]
2025-09-25 21:22:40,874 INFO: 响应状态: 200 [in D:\Code_Decom\Password-plugin\backend\app.py:42]
2025-09-25 21:22:40,875 INFO: 响应头部: {'Content-Type': 'application/json', 'Content-Length': '7007'} [in D:\Code_Decom\Password-plugin\backend\app.py:43]
2025-09-25 21:22:40,955 INFO: 响应状态: 204 [in D:\Code_Decom\Password-plugin\backend\app.py:42]
2025-09-25 21:22:40,956 INFO: 响应头部: {'Content-Type': 'text/html; charset=utf-8', 'Content-Length': '0'} [in D:\Code_Decom\Password-plugin\backend\app.py:43]
2025-09-25 21:22:41,152 INFO: 响应状态: 200 [in D:\Code_Decom\Password-plugin\backend\app.py:42]
2025-09-25 21:22:41,152 INFO: 响应头部: {'Content-Type': 'application/json', 'Content-Length': '3017'} [in D:\Code_Decom\Password-plugin\backend\app.py:43]
2025-09-25 21:22:42,365 INFO: 响应状态: 200 [in D:\Code_Decom\Password-plugin\backend\app.py:42]
2025-09-25 21:22:42,366 INFO: 响应头部: {'Content-Type': 'application/json', 'Content-Length': '7007'} [in D:\Code_Decom\Password-plugin\backend\app.py:43]
2025-09-25 21:22:42,756 INFO: 响应状态: 200 [in D:\Code_Decom\Password-plugin\backend\app.py:42]
2025-09-25 21:22:42,756 INFO: 响应头部: {'Content-Type': 'application/json', 'Content-Length': '3017'} [in D:\Code_Decom\Password-plugin\backend\app.py:43]
2025-09-25 21:22:43,070 INFO: 响应状态: 204 [in D:\Code_Decom\Password-plugin\backend\app.py:42]
2025-09-25 21:22:43,070 INFO: 响应头部: {'Content-Type': 'text/html; charset=utf-8', 'Content-Length': '0'} [in D:\Code_Decom\Password-plugin\backend\app.py:43]
2025-09-25 21:22:43,149 INFO: 响应状态: 200 [in D:\Code_Decom\Password-plugin\backend\app.py:42]
2025-09-25 21:22:43,149 INFO: 响应头部: {'Content-Type': 'application/json', 'Content-Length': '349'} [in D:\Code_Decom\Password-plugin\backend\app.py:43]
2025-09-25 21:22:43,820 INFO: 响应状态: 204 [in D:\Code_Decom\Password-plugin\backend\app.py:42]
2025-09-25 21:22:43,820 INFO: 响应头部: {'Content-Type': 'text/html; charset=utf-8', 'Content-Length': '0'} [in D:\Code_Decom\Password-plugin\backend\app.py:43]
2025-09-25 21:22:44,205 INFO: 响应状态: 200 [in D:\Code_Decom\Password-plugin\backend\app.py:42]
2025-09-25 21:22:44,205 INFO: 响应头部: {'Content-Type': 'application/json', 'Content-Length': '7088'} [in D:\Code_Decom\Password-plugin\backend\app.py:43]
2025-09-25 21:22:46,542 INFO: 响应状态: 204 [in D:\Code_Decom\Password-plugin\backend\app.py:42]
2025-09-25 21:22:46,543 INFO: 响应头部: {'Content-Type': 'text/html; charset=utf-8', 'Content-Length': '0'} [in D:\Code_Decom\Password-plugin\backend\app.py:43]
2025-09-25 21:22:46,617 INFO: 响应状态: 200 [in D:\Code_Decom\Password-plugin\backend\app.py:42]
2025-09-25 21:22:46,617 INFO: 响应头部: {'Content-Type': 'application/json', 'Content-Length': '7007'} [in D:\Code_Decom\Password-plugin\backend\app.py:43]
2025-09-25 21:22:46,807 INFO: 响应状态: 204 [in D:\Code_Decom\Password-plugin\backend\app.py:42]
2025-09-25 21:22:46,808 INFO: 响应头部: {'Content-Type': 'text/html; charset=utf-8', 'Content-Length': '0'} [in D:\Code_Decom\Password-plugin\backend\app.py:43]
2025-09-25 21:22:47,194 INFO: 响应状态: 200 [in D:\Code_Decom\Password-plugin\backend\app.py:42]
2025-09-25 21:22:47,194 INFO: 响应头部: {'Content-Type': 'application/json', 'Content-Length': '3017'} [in D:\Code_Decom\Password-plugin\backend\app.py:43]
2025-09-25 21:23:03,256 INFO: 响应状态: 204 [in D:\Code_Decom\Password-plugin\backend\app.py:42]
2025-09-25 21:23:03,256 INFO: 响应头部: {'Content-Type': 'text/html; charset=utf-8', 'Content-Length': '0'} [in D:\Code_Decom\Password-plugin\backend\app.py:43]
2025-09-25 21:23:03,337 ERROR: 添加密码失败: type object 'Password' has no attribute 'find_by_domain_and_username' [in D:\Code_Decom\Password-plugin\backend\api\password_routes.py:109]
2025-09-25 21:23:03,337 INFO: 响应状态: 500 [in D:\Code_Decom\Password-plugin\backend\app.py:42]
2025-09-25 21:23:03,338 INFO: 响应头部: {'Content-Type': 'application/json', 'Content-Length': '51'} [in D:\Code_Decom\Password-plugin\backend\app.py:43]
2025-09-25 21:24:20,719 INFO: 响应状态: 204 [in D:\Code_Decom\Password-plugin\backend\app.py:42]
2025-09-25 21:24:20,719 INFO: 响应头部: {'Content-Type': 'text/html; charset=utf-8', 'Content-Length': '0'} [in D:\Code_Decom\Password-plugin\backend\app.py:43]
2025-09-25 21:24:21,099 ERROR: 添加密码失败: type object 'Password' has no attribute 'find_by_domain_and_username' [in D:\Code_Decom\Password-plugin\backend\api\password_routes.py:109]
2025-09-25 21:24:21,099 INFO: 响应状态: 500 [in D:\Code_Decom\Password-plugin\backend\app.py:42]
2025-09-25 21:24:21,100 INFO: 响应头部: {'Content-Type': 'application/json', 'Content-Length': '51'} [in D:\Code_Decom\Password-plugin\backend\app.py:43]
